<?xml version="1.0" encoding="UTF-8"?>
<!-- Generated by org.testng.reporters.JUnitXMLReporter -->
<testsuite hostname="Ty-Deepak-Tr" ignored="0" name="Test-firefox" tests="1" failures="0" timestamp="06 Jan 2021 09:42:13 GMT" time="13.143" errors="0">
  <testcase name="sampleTest" time="4.801" classname="sample.SampleTest_RmoteExecution"/>
</testsuite> <!-- Test-firefox -->
