<?xml version="1.0" encoding="UTF-8"?>
<!-- Generated by org.testng.reporters.JUnitXMLReporter -->
<testsuite hostname="Ty-Deepak-Tr" ignored="0" name="Test-chrome" tests="1" failures="0" timestamp="06 Jan 2021 09:42:00 GMT" time="19.916" errors="0">
  <testcase name="sampleTest" time="14.652" classname="sample.SampleTest_RmoteExecution"/>
</testsuite> <!-- Test-chrome -->
